============================= test session starts ==============================
platform linux -- Python 3.10.10, pytest-7.3.1, pluggy-1.0.0
rootdir: /home/seuronao/Documents/Triangle Classifier-04-24-2023-04-46-29/bruno1g0r
collected 12 items

test_main.py FFFFFFFFFFFF                                                [100%]

=================================== FAILURES ===================================
_________________________ test_equilátero[test_input0] _________________________

monkeypatch = <_pytest.monkeypatch.MonkeyPatch object at 0x7f56a0085930>
test_input = []

    @pytest.mark.parametrize(
        "test_input",
        [
            ["1", "1", "1"],
            ["2", "2", "2"],
            ["5", "5", "5"],
        ],
    )
    def test_equilátero(monkeypatch: MonkeyPatch, test_input: str):
        mocked_input = lambda prompt="": test_input.pop(0)
        mocked_stdout = io.StringIO()
    
        with monkeypatch.context() as m:
            m.setattr(builtins, "input", mocked_input)
            m.setattr(sys, "stdout", mocked_stdout)
    
            sys.modules.pop("main", None)
            importlib.import_module(name="main", package="files")
    
        assert "Não é um triângulo" not in mocked_stdout.getvalue().strip()
>       assert "Equilátero" in mocked_stdout.getvalue().strip()
E       AssertionError: assert 'Equilátero' in 'Os valores formam um triângulo equilátero'
E        +  where 'Os valores formam um triângulo equilátero' = <built-in method strip of str object at 0x7f56a01b7bb0>()
E        +    where <built-in method strip of str object at 0x7f56a01b7bb0> = 'Os valores formam um triângulo equilátero\n'.strip
E        +      where 'Os valores formam um triângulo equilátero\n' = <built-in method getvalue of _io.StringIO object at 0x7f56a00b9cf0>()
E        +        where <built-in method getvalue of _io.StringIO object at 0x7f56a00b9cf0> = <_io.StringIO object at 0x7f56a00b9cf0>.getvalue

test_main.py:30: AssertionError
_________________________ test_equilátero[test_input1] _________________________

monkeypatch = <_pytest.monkeypatch.MonkeyPatch object at 0x7f56a0077700>
test_input = []

    @pytest.mark.parametrize(
        "test_input",
        [
            ["1", "1", "1"],
            ["2", "2", "2"],
            ["5", "5", "5"],
        ],
    )
    def test_equilátero(monkeypatch: MonkeyPatch, test_input: str):
        mocked_input = lambda prompt="": test_input.pop(0)
        mocked_stdout = io.StringIO()
    
        with monkeypatch.context() as m:
            m.setattr(builtins, "input", mocked_input)
            m.setattr(sys, "stdout", mocked_stdout)
    
            sys.modules.pop("main", None)
            importlib.import_module(name="main", package="files")
    
        assert "Não é um triângulo" not in mocked_stdout.getvalue().strip()
>       assert "Equilátero" in mocked_stdout.getvalue().strip()
E       AssertionError: assert 'Equilátero' in 'Os valores formam um triângulo equilátero'
E        +  where 'Os valores formam um triângulo equilátero' = <built-in method strip of str object at 0x7f56a006b230>()
E        +    where <built-in method strip of str object at 0x7f56a006b230> = 'Os valores formam um triângulo equilátero\n'.strip
E        +      where 'Os valores formam um triângulo equilátero\n' = <built-in method getvalue of _io.StringIO object at 0x7f56a00bab90>()
E        +        where <built-in method getvalue of _io.StringIO object at 0x7f56a00bab90> = <_io.StringIO object at 0x7f56a00bab90>.getvalue

test_main.py:30: AssertionError
_________________________ test_equilátero[test_input2] _________________________

monkeypatch = <_pytest.monkeypatch.MonkeyPatch object at 0x7f56a02436a0>
test_input = []

    @pytest.mark.parametrize(
        "test_input",
        [
            ["1", "1", "1"],
            ["2", "2", "2"],
            ["5", "5", "5"],
        ],
    )
    def test_equilátero(monkeypatch: MonkeyPatch, test_input: str):
        mocked_input = lambda prompt="": test_input.pop(0)
        mocked_stdout = io.StringIO()
    
        with monkeypatch.context() as m:
            m.setattr(builtins, "input", mocked_input)
            m.setattr(sys, "stdout", mocked_stdout)
    
            sys.modules.pop("main", None)
            importlib.import_module(name="main", package="files")
    
        assert "Não é um triângulo" not in mocked_stdout.getvalue().strip()
>       assert "Equilátero" in mocked_stdout.getvalue().strip()
E       AssertionError: assert 'Equilátero' in 'Os valores formam um triângulo equilátero'
E        +  where 'Os valores formam um triângulo equilátero' = <built-in method strip of str object at 0x7f56a006b3b0>()
E        +    where <built-in method strip of str object at 0x7f56a006b3b0> = 'Os valores formam um triângulo equilátero\n'.strip
E        +      where 'Os valores formam um triângulo equilátero\n' = <built-in method getvalue of _io.StringIO object at 0x7f56a00baef0>()
E        +        where <built-in method getvalue of _io.StringIO object at 0x7f56a00baef0> = <_io.StringIO object at 0x7f56a00baef0>.getvalue

test_main.py:30: AssertionError
_________________________ test_isósceles[test_input0] __________________________

monkeypatch = <_pytest.monkeypatch.MonkeyPatch object at 0x7f56a0046800>
test_input = []

    @pytest.mark.parametrize(
        "test_input",
        [
            ["2", "2", "3"],
            ["3", "2", "2"],
            ["2", "3", "2"],
        ],
    )
    def test_isósceles(monkeypatch: MonkeyPatch, test_input: str):
        mocked_input = lambda prompt="": test_input.pop(0)
        mocked_stdout = io.StringIO()
    
        with monkeypatch.context() as m:
            m.setattr(builtins, "input", mocked_input)
            m.setattr(sys, "stdout", mocked_stdout)
    
            sys.modules.pop("main", None)
            importlib.import_module(name="main", package="files")
    
        assert "Não é um triângulo" not in mocked_stdout.getvalue().strip()
        assert "Equilátero" not in mocked_stdout.getvalue().strip()
>       assert "Isósceles" in mocked_stdout.getvalue().strip()
E       AssertionError: assert 'Isósceles' in 'Os valores formam um triângulo isóceles'
E        +  where 'Os valores formam um triângulo isóceles' = <built-in method strip of str object at 0x7f56a006b1b0>()
E        +    where <built-in method strip of str object at 0x7f56a006b1b0> = 'Os valores formam um triângulo isóceles\n'.strip
E        +      where 'Os valores formam um triângulo isóceles\n' = <built-in method getvalue of _io.StringIO object at 0x7f56a00bb1c0>()
E        +        where <built-in method getvalue of _io.StringIO object at 0x7f56a00bb1c0> = <_io.StringIO object at 0x7f56a00bb1c0>.getvalue

test_main.py:56: AssertionError
_________________________ test_isósceles[test_input1] __________________________

monkeypatch = <_pytest.monkeypatch.MonkeyPatch object at 0x7f56a0242fe0>
test_input = []

    @pytest.mark.parametrize(
        "test_input",
        [
            ["2", "2", "3"],
            ["3", "2", "2"],
            ["2", "3", "2"],
        ],
    )
    def test_isósceles(monkeypatch: MonkeyPatch, test_input: str):
        mocked_input = lambda prompt="": test_input.pop(0)
        mocked_stdout = io.StringIO()
    
        with monkeypatch.context() as m:
            m.setattr(builtins, "input", mocked_input)
            m.setattr(sys, "stdout", mocked_stdout)
    
            sys.modules.pop("main", None)
            importlib.import_module(name="main", package="files")
    
        assert "Não é um triângulo" not in mocked_stdout.getvalue().strip()
        assert "Equilátero" not in mocked_stdout.getvalue().strip()
>       assert "Isósceles" in mocked_stdout.getvalue().strip()
E       AssertionError: assert 'Isósceles' in 'Os valores formam um triângulo isóceles'
E        +  where 'Os valores formam um triângulo isóceles' = <built-in method strip of str object at 0x7f56a006b630>()
E        +    where <built-in method strip of str object at 0x7f56a006b630> = 'Os valores formam um triângulo isóceles\n'.strip
E        +      where 'Os valores formam um triângulo isóceles\n' = <built-in method getvalue of _io.StringIO object at 0x7f56a00bb2e0>()
E        +        where <built-in method getvalue of _io.StringIO object at 0x7f56a00bb2e0> = <_io.StringIO object at 0x7f56a00bb2e0>.getvalue

test_main.py:56: AssertionError
_________________________ test_isósceles[test_input2] __________________________

monkeypatch = <_pytest.monkeypatch.MonkeyPatch object at 0x7f56a0045090>
test_input = []

    @pytest.mark.parametrize(
        "test_input",
        [
            ["2", "2", "3"],
            ["3", "2", "2"],
            ["2", "3", "2"],
        ],
    )
    def test_isósceles(monkeypatch: MonkeyPatch, test_input: str):
        mocked_input = lambda prompt="": test_input.pop(0)
        mocked_stdout = io.StringIO()
    
        with monkeypatch.context() as m:
            m.setattr(builtins, "input", mocked_input)
            m.setattr(sys, "stdout", mocked_stdout)
    
            sys.modules.pop("main", None)
            importlib.import_module(name="main", package="files")
    
        assert "Não é um triângulo" not in mocked_stdout.getvalue().strip()
        assert "Equilátero" not in mocked_stdout.getvalue().strip()
>       assert "Isósceles" in mocked_stdout.getvalue().strip()
E       AssertionError: assert 'Isósceles' in 'Os valores formam um triângulo esqualeno'
E        +  where 'Os valores formam um triângulo esqualeno' = <built-in method strip of str object at 0x7f56a006b5b0>()
E        +    where <built-in method strip of str object at 0x7f56a006b5b0> = 'Os valores formam um triângulo esqualeno\n'.strip
E        +      where 'Os valores formam um triângulo esqualeno\n' = <built-in method getvalue of _io.StringIO object at 0x7f56a00bb400>()
E        +        where <built-in method getvalue of _io.StringIO object at 0x7f56a00bb400> = <_io.StringIO object at 0x7f56a00bb400>.getvalue

test_main.py:56: AssertionError
__________________________ test_escaleno[test_input0] __________________________

monkeypatch = <_pytest.monkeypatch.MonkeyPatch object at 0x7f56a0243af0>
test_input = []

    @pytest.mark.parametrize(
        "test_input",
        [
            ["2", "3", "4"],
            ["2", "4", "3"],
            ["4", "2", "3"],
        ],
    )
    def test_escaleno(monkeypatch: MonkeyPatch, test_input: str):
        mocked_input = lambda prompt="": test_input.pop(0)
        mocked_stdout = io.StringIO()
    
        with monkeypatch.context() as m:
            m.setattr(builtins, "input", mocked_input)
            m.setattr(sys, "stdout", mocked_stdout)
    
            sys.modules.pop("main", None)
            importlib.import_module(name="main", package="files")
    
        assert "Não é um triângulo" not in mocked_stdout.getvalue().strip()
        assert "Equilátero" not in mocked_stdout.getvalue().strip()
        assert "Isósceles" not in mocked_stdout.getvalue().strip()
>       assert "Escaleno" in mocked_stdout.getvalue().strip()
E       AssertionError: assert 'Escaleno' in 'Os valores formam um triângulo esqualeno'
E        +  where 'Os valores formam um triângulo esqualeno' = <built-in method strip of str object at 0x7f56a006b730>()
E        +    where <built-in method strip of str object at 0x7f56a006b730> = 'Os valores formam um triângulo esqualeno\n'.strip
E        +      where 'Os valores formam um triângulo esqualeno\n' = <built-in method getvalue of _io.StringIO object at 0x7f56a00bb7f0>()
E        +        where <built-in method getvalue of _io.StringIO object at 0x7f56a00bb7f0> = <_io.StringIO object at 0x7f56a00bb7f0>.getvalue

test_main.py:82: AssertionError
__________________________ test_escaleno[test_input1] __________________________

monkeypatch = <_pytest.monkeypatch.MonkeyPatch object at 0x7f56a0047520>
test_input = []

    @pytest.mark.parametrize(
        "test_input",
        [
            ["2", "3", "4"],
            ["2", "4", "3"],
            ["4", "2", "3"],
        ],
    )
    def test_escaleno(monkeypatch: MonkeyPatch, test_input: str):
        mocked_input = lambda prompt="": test_input.pop(0)
        mocked_stdout = io.StringIO()
    
        with monkeypatch.context() as m:
            m.setattr(builtins, "input", mocked_input)
            m.setattr(sys, "stdout", mocked_stdout)
    
            sys.modules.pop("main", None)
            importlib.import_module(name="main", package="files")
    
        assert "Não é um triângulo" not in mocked_stdout.getvalue().strip()
        assert "Equilátero" not in mocked_stdout.getvalue().strip()
        assert "Isósceles" not in mocked_stdout.getvalue().strip()
>       assert "Escaleno" in mocked_stdout.getvalue().strip()
E       AssertionError: assert 'Escaleno' in 'Os valores formam um triângulo esqualeno'
E        +  where 'Os valores formam um triângulo esqualeno' = <built-in method strip of str object at 0x7f56a006b330>()
E        +    where <built-in method strip of str object at 0x7f56a006b330> = 'Os valores formam um triângulo esqualeno\n'.strip
E        +      where 'Os valores formam um triângulo esqualeno\n' = <built-in method getvalue of _io.StringIO object at 0x7f56a00b9a20>()
E        +        where <built-in method getvalue of _io.StringIO object at 0x7f56a00b9a20> = <_io.StringIO object at 0x7f56a00b9a20>.getvalue

test_main.py:82: AssertionError
__________________________ test_escaleno[test_input2] __________________________

monkeypatch = <_pytest.monkeypatch.MonkeyPatch object at 0x7f56a0242d40>
test_input = []

    @pytest.mark.parametrize(
        "test_input",
        [
            ["2", "3", "4"],
            ["2", "4", "3"],
            ["4", "2", "3"],
        ],
    )
    def test_escaleno(monkeypatch: MonkeyPatch, test_input: str):
        mocked_input = lambda prompt="": test_input.pop(0)
        mocked_stdout = io.StringIO()
    
        with monkeypatch.context() as m:
            m.setattr(builtins, "input", mocked_input)
            m.setattr(sys, "stdout", mocked_stdout)
    
            sys.modules.pop("main", None)
            importlib.import_module(name="main", package="files")
    
        assert "Não é um triângulo" not in mocked_stdout.getvalue().strip()
        assert "Equilátero" not in mocked_stdout.getvalue().strip()
        assert "Isósceles" not in mocked_stdout.getvalue().strip()
>       assert "Escaleno" in mocked_stdout.getvalue().strip()
E       AssertionError: assert 'Escaleno' in 'Os valores formam um triângulo esqualeno'
E        +  where 'Os valores formam um triângulo esqualeno' = <built-in method strip of str object at 0x7f56a006b3b0>()
E        +    where <built-in method strip of str object at 0x7f56a006b3b0> = 'Os valores formam um triângulo esqualeno\n'.strip
E        +      where 'Os valores formam um triângulo esqualeno\n' = <built-in method getvalue of _io.StringIO object at 0x7f56a00bbeb0>()
E        +        where <built-in method getvalue of _io.StringIO object at 0x7f56a00bbeb0> = <_io.StringIO object at 0x7f56a00bbeb0>.getvalue

test_main.py:82: AssertionError
_____________________ test_não_é_um_triângulo[test_input0] _____________________

monkeypatch = <_pytest.monkeypatch.MonkeyPatch object at 0x7f56a0047f40>
test_input = []

    @pytest.mark.parametrize(
        "test_input",
        [
            ["1", "2", "3"],
            ["1", "3", "2"],
            ["3", "1", "2"],
        ],
    )
    def test_não_é_um_triângulo(monkeypatch: MonkeyPatch, test_input: str):
        mocked_input = lambda prompt="": test_input.pop(0)
        mocked_stdout = io.StringIO()
    
        with monkeypatch.context() as m:
            m.setattr(builtins, "input", mocked_input)
            m.setattr(sys, "stdout", mocked_stdout)
    
            sys.modules.pop("main", None)
            importlib.import_module(name="main", package="files")
    
>       assert "Não é um triângulo" in mocked_stdout.getvalue().strip()
E       AssertionError: assert 'Não é um triângulo' in 'Os valores não formam um triângulo'
E        +  where 'Os valores não formam um triângulo' = <built-in method strip of str object at 0x7f56a00b6020>()
E        +    where <built-in method strip of str object at 0x7f56a00b6020> = 'Os valores não formam um triângulo \n'.strip
E        +      where 'Os valores não formam um triângulo \n' = <built-in method getvalue of _io.StringIO object at 0x7f56a00bb400>()
E        +        where <built-in method getvalue of _io.StringIO object at 0x7f56a00bb400> = <_io.StringIO object at 0x7f56a00bb400>.getvalue

test_main.py:104: AssertionError
_____________________ test_não_é_um_triângulo[test_input1] _____________________

monkeypatch = <_pytest.monkeypatch.MonkeyPatch object at 0x7f56a0242da0>
test_input = []

    @pytest.mark.parametrize(
        "test_input",
        [
            ["1", "2", "3"],
            ["1", "3", "2"],
            ["3", "1", "2"],
        ],
    )
    def test_não_é_um_triângulo(monkeypatch: MonkeyPatch, test_input: str):
        mocked_input = lambda prompt="": test_input.pop(0)
        mocked_stdout = io.StringIO()
    
        with monkeypatch.context() as m:
            m.setattr(builtins, "input", mocked_input)
            m.setattr(sys, "stdout", mocked_stdout)
    
            sys.modules.pop("main", None)
            importlib.import_module(name="main", package="files")
    
>       assert "Não é um triângulo" in mocked_stdout.getvalue().strip()
E       AssertionError: assert 'Não é um triângulo' in 'Os valores não formam um triângulo'
E        +  where 'Os valores não formam um triângulo' = <built-in method strip of str object at 0x7f56a00b53e0>()
E        +    where <built-in method strip of str object at 0x7f56a00b53e0> = 'Os valores não formam um triângulo \n'.strip
E        +      where 'Os valores não formam um triângulo \n' = <built-in method getvalue of _io.StringIO object at 0x7f56a00bb2e0>()
E        +        where <built-in method getvalue of _io.StringIO object at 0x7f56a00bb2e0> = <_io.StringIO object at 0x7f56a00bb2e0>.getvalue

test_main.py:104: AssertionError
_____________________ test_não_é_um_triângulo[test_input2] _____________________

monkeypatch = <_pytest.monkeypatch.MonkeyPatch object at 0x7f56a0046500>
test_input = []

    @pytest.mark.parametrize(
        "test_input",
        [
            ["1", "2", "3"],
            ["1", "3", "2"],
            ["3", "1", "2"],
        ],
    )
    def test_não_é_um_triângulo(monkeypatch: MonkeyPatch, test_input: str):
        mocked_input = lambda prompt="": test_input.pop(0)
        mocked_stdout = io.StringIO()
    
        with monkeypatch.context() as m:
            m.setattr(builtins, "input", mocked_input)
            m.setattr(sys, "stdout", mocked_stdout)
    
            sys.modules.pop("main", None)
            importlib.import_module(name="main", package="files")
    
>       assert "Não é um triângulo" in mocked_stdout.getvalue().strip()
E       AssertionError: assert 'Não é um triângulo' in 'Os valores não formam um triângulo'
E        +  where 'Os valores não formam um triângulo' = <built-in method strip of str object at 0x7f56a00b7830>()
E        +    where <built-in method strip of str object at 0x7f56a00b7830> = 'Os valores não formam um triângulo \n'.strip
E        +      where 'Os valores não formam um triângulo \n' = <built-in method getvalue of _io.StringIO object at 0x7f56a00bb490>()
E        +        where <built-in method getvalue of _io.StringIO object at 0x7f56a00bb490> = <_io.StringIO object at 0x7f56a00bb490>.getvalue

test_main.py:104: AssertionError
=========================== short test summary info ============================
FAILED test_main.py::test_equilátero[test_input0] - AssertionError: assert 'E...
FAILED test_main.py::test_equilátero[test_input1] - AssertionError: assert 'E...
FAILED test_main.py::test_equilátero[test_input2] - AssertionError: assert 'E...
FAILED test_main.py::test_isósceles[test_input0] - AssertionError: assert 'Is...
FAILED test_main.py::test_isósceles[test_input1] - AssertionError: assert 'Is...
FAILED test_main.py::test_isósceles[test_input2] - AssertionError: assert 'Is...
FAILED test_main.py::test_escaleno[test_input0] - AssertionError: assert 'Esc...
FAILED test_main.py::test_escaleno[test_input1] - AssertionError: assert 'Esc...
FAILED test_main.py::test_escaleno[test_input2] - AssertionError: assert 'Esc...
FAILED test_main.py::test_não_é_um_triângulo[test_input0] - AssertionError: a...
FAILED test_main.py::test_não_é_um_triângulo[test_input1] - AssertionError: a...
FAILED test_main.py::test_não_é_um_triângulo[test_input2] - AssertionError: a...
============================== 12 failed in 0.12s ==============================
